<?xml version="1.0" encoding="UTF-8"?>
<testng-results ignored="0" total="1" passed="1" failed="0" skipped="0">
  <reporter-output>
  </reporter-output>
  <suite started-at="2022-01-14T00:56:32 IST" name="Default suite" finished-at="2022-01-14T00:56:48 IST" duration-ms="16406">
    <groups>
    </groups>
    <test started-at="2022-01-14T00:56:32 IST" name="Default test" finished-at="2022-01-14T00:56:48 IST" duration-ms="16406">
      <class name="SeleniumPracticePrograms.Alertdemo">
        <test-method signature="demoWindow()[pri:1, instance:SeleniumPracticePrograms.Alertdemo@a3d8174]" started-at="2022-01-14T00:56:32 IST" name="demoWindow" finished-at="2022-01-14T00:56:48 IST" duration-ms="16331" status="PASS">
          <reporter-output>
          </reporter-output>
        </test-method> <!-- demoWindow -->
      </class> <!-- SeleniumPracticePrograms.Alertdemo -->
    </test> <!-- Default test -->
  </suite> <!-- Default suite -->
</testng-results>
